<?xml version="1.0" encoding="utf-8" standalone="no"?>
<test-results xmlns:xsi="http://www.w3.org/2001/XMLSchema-instance" xsi:noNamespaceSchemaLocation="nunit_schema_2.5.xsd" name="Pester" total="36" errors="0" failures="0" not-run="0" inconclusive="0" ignored="0" skipped="0" invalid="0" date="2021-02-08" time="17:53:01">
  <environment clr-version="4.0.30319.42000" user-domain="AA" cwd="E:\CHIZ\DSC\Try2\DscWorkshop\DSC" platform="Microsoft Windows Server 2012 R2 Standard|C:\Windows|\Device\Harddisk0\Partition2" machine-name="V26265NCHH500" nunit-version="2.5.8.0" os-version="6.3.9600" user="kevin.weinrich" />
  <culture-info current-culture="en-US" current-uiculture="en-US" />
  <test-suite type="TestFixture" name="Pester" executed="True" result="Success" success="True" time="1.6055" asserts="0" description="Pester">
    <results>
      <test-suite type="TestFixture" name="E:\CHIZ\DSC\Try2\DscWorkshop\DSC\Tests\ConfigData\ConfigData.Tests.ps1" executed="True" result="Success" success="True" time="1.6055" asserts="0" description="E:\CHIZ\DSC\Try2\DscWorkshop\DSC\Tests\ConfigData\ConfigData.Tests.ps1">
        <results>
          <test-suite type="TestFixture" name="Validate All Definition Files" executed="True" result="Success" success="True" time="0.6068" asserts="0" description="Validate All Definition Files">
            <results>
              <test-case description="'v26267ncec202.yml' is a valid yaml" name="Validate All Definition Files.'v26267ncec202.yml' is a valid yaml" time="0.0323" asserts="0" success="True" result="Success" executed="True" />
              <test-case description="'Dev.yml' is a valid yaml" name="Validate All Definition Files.'Dev.yml' is a valid yaml" time="0.0098" asserts="0" success="True" result="Success" executed="True" />
              <test-case description="'Prod.yml' is a valid yaml" name="Validate All Definition Files.'Prod.yml' is a valid yaml" time="0.0054" asserts="0" success="True" result="Success" executed="True" />
              <test-case description="'Test.yml' is a valid yaml" name="Validate All Definition Files.'Test.yml' is a valid yaml" time="0.0054" asserts="0" success="True" result="Success" executed="True" />
              <test-case description="'Section1.yml' is a valid yaml" name="Validate All Definition Files.'Section1.yml' is a valid yaml" time="0.0081" asserts="0" success="True" result="Success" executed="True" />
              <test-case description="'Section2.yml' is a valid yaml" name="Validate All Definition Files.'Section2.yml' is a valid yaml" time="0.0082" asserts="0" success="True" result="Success" executed="True" />
              <test-case description="'Cincinnati.yml' is a valid yaml" name="Validate All Definition Files.'Cincinnati.yml' is a valid yaml" time="0.0059" asserts="0" success="True" result="Success" executed="True" />
              <test-case description="'Frankfurt.yml' is a valid yaml" name="Validate All Definition Files.'Frankfurt.yml' is a valid yaml" time="0.0057" asserts="0" success="True" result="Success" executed="True" />
              <test-case description="'London.yml' is a valid yaml" name="Validate All Definition Files.'London.yml' is a valid yaml" time="0.0055" asserts="0" success="True" result="Success" executed="True" />
              <test-case description="'RTP.yml' is a valid yaml" name="Validate All Definition Files.'RTP.yml' is a valid yaml" time="0.0105" asserts="0" success="True" result="Success" executed="True" />
              <test-case description="'Singapore.yml' is a valid yaml" name="Validate All Definition Files.'Singapore.yml' is a valid yaml" time="0.0058" asserts="0" success="True" result="Success" executed="True" />
              <test-case description="'Tokio.yml' is a valid yaml" name="Validate All Definition Files.'Tokio.yml' is a valid yaml" time="0.0057" asserts="0" success="True" result="Success" executed="True" />
              <test-case description="'DomainController.yml' is a valid yaml" name="Validate All Definition Files.'DomainController.yml' is a valid yaml" time="0.0104" asserts="0" success="True" result="Success" executed="True" />
              <test-case description="'DscBaseline.yml' is a valid yaml" name="Validate All Definition Files.'DscBaseline.yml' is a valid yaml" time="0.0223" asserts="0" success="True" result="Success" executed="True" />
              <test-case description="'FileServer.yml' is a valid yaml" name="Validate All Definition Files.'FileServer.yml' is a valid yaml" time="0.023" asserts="0" success="True" result="Success" executed="True" />
              <test-case description="'ORDBasicServer.yml' is a valid yaml" name="Validate All Definition Files.'ORDBasicServer.yml' is a valid yaml" time="0.0198" asserts="0" success="True" result="Success" executed="True" />
              <test-case description="'ServerBaseline-Bad-ChocolateyPackages-Feature.yml' is a valid yaml" name="Validate All Definition Files.'ServerBaseline-Bad-ChocolateyPackages-Feature.yml' is a valid yaml" time="0.0053" asserts="0" success="True" result="Success" executed="True" />
              <test-case description="'ServerBaseline.yml' is a valid yaml" name="Validate All Definition Files.'ServerBaseline.yml' is a valid yaml" time="0.0383" asserts="0" success="True" result="Success" executed="True" />
              <test-case description="'ServerBaseline210115.yml' is a valid yaml" name="Validate All Definition Files.'ServerBaseline210115.yml' is a valid yaml" time="0.0298" asserts="0" success="True" result="Success" executed="True" />
              <test-case description="'ServerBaselineMinimalWorks.yml' is a valid yaml" name="Validate All Definition Files.'ServerBaselineMinimalWorks.yml' is a valid yaml" time="0.0052" asserts="0" success="True" result="Success" executed="True" />
              <test-case description="'ServerBaselineOrig.yml' is a valid yaml" name="Validate All Definition Files.'ServerBaselineOrig.yml' is a valid yaml" time="0.0234" asserts="0" success="True" result="Success" executed="True" />
              <test-case description="'ServerBaselineWorks - no sccm.yml' is a valid yaml" name="Validate All Definition Files.'ServerBaselineWorks - no sccm.yml' is a valid yaml" time="0.0252" asserts="0" success="True" result="Success" executed="True" />
              <test-case description="'WasFileServer.yml' is a valid yaml" name="Validate All Definition Files.'WasFileServer.yml' is a valid yaml" time="0.0206" asserts="0" success="True" result="Success" executed="True" />
              <test-case description="'WebServer.yml' is a valid yaml" name="Validate All Definition Files.'WebServer.yml' is a valid yaml" time="0.0407" asserts="0" success="True" result="Success" executed="True" />
              <test-case description="'Datum.yml' is a valid yaml" name="Validate All Definition Files.'Datum.yml' is a valid yaml" time="0.0233" asserts="0" success="True" result="Success" executed="True" />
            </results>
          </test-suite>
          <test-suite type="TestFixture" name="Datum Tree Definition" executed="True" result="Success" success="True" time="0.0928" asserts="0" description="Datum Tree Definition">
            <results>
              <test-case description="Exists in DscConfigData Folder" name="Datum Tree Definition.Exists in DscConfigData Folder" time="0.0069" asserts="0" success="True" result="Success" executed="True" />
              <test-case description="is Valid Yaml" name="Datum Tree Definition.is Valid Yaml" time="0.0209" asserts="0" success="True" result="Success" executed="True" />
              <test-case description="'Get-FilteredConfigurationData' returned data" name="Datum Tree Definition.'Get-FilteredConfigurationData' returned data" time="0.0049" asserts="0" success="True" result="Success" executed="True" />
            </results>
          </test-suite>
          <test-suite type="TestFixture" name="Node Definition Files" executed="True" result="Success" success="True" time="0.1111" asserts="0" description="Node Definition Files">
            <results>
              <test-case description="'E:\CHIZ\DSC\Try2\DscWorkshop\DSC\DscConfigData\AllNodes\Test\v26267ncec202.yml' should not be duplicated" name="Node Definition Files.'E:\CHIZ\DSC\Try2\DscWorkshop\DSC\DscConfigData\AllNodes\Test\v26267ncec202.yml' should not be duplicated" time="0.0048" asserts="0" success="True" result="Success" executed="True" />
              <test-case description="'v26267ncec202' has valid yaml" name="Node Definition Files.'v26267ncec202' has valid yaml" time="0.0091" asserts="0" success="True" result="Success" executed="True" />
              <test-case description="'v26267ncec202' is in the right environment" name="Node Definition Files.'v26267ncec202' is in the right environment" time="0.0024" asserts="0" success="True" result="Success" executed="True" />
              <test-case description="Location of 'v26267ncec202' is 'Cincinnati' and does exist" name="Node Definition Files.Location of 'v26267ncec202' is 'Cincinnati' and does exist" time="0.01" asserts="0" success="True" result="Success" executed="True" />
              <test-case description="Environment of 'v26267ncec202' is 'Test' and does exist" name="Node Definition Files.Environment of 'v26267ncec202' is 'Test' and does exist" time="0.0094" asserts="0" success="True" result="Success" executed="True" />
            </results>
          </test-suite>
          <test-suite type="TestFixture" name="Roles Definition Files" executed="True" result="Success" success="True" time="0.1005" asserts="0" description="Roles Definition Files">
            <results>
              <test-case description="E:\CHIZ\DSC\Try2\DscWorkshop\DSC\DscConfigData\Roles\FileServer.yml has valid yaml" name="Roles Definition Files.E:\CHIZ\DSC\Try2\DscWorkshop\DSC\DscConfigData\Roles\FileServer.yml has valid yaml" time="0.0259" asserts="0" success="True" result="Success" executed="True" />
              <test-case description="E:\CHIZ\DSC\Try2\DscWorkshop\DSC\DscConfigData\Roles\WasFileServer.yml has valid yaml" name="Roles Definition Files.E:\CHIZ\DSC\Try2\DscWorkshop\DSC\DscConfigData\Roles\WasFileServer.yml has valid yaml" time="0.0198" asserts="0" success="True" result="Success" executed="True" />
            </results>
          </test-suite>
          <test-suite type="TestFixture" name="Role Composition" executed="True" result="Success" success="True" time="0.6097" asserts="0" description="Role Composition">
            <results>
              <test-suite type="TestFixture" name="Nodes for environment Dev" executed="True" result="Success" success="True" time="0.0486" asserts="0" description="Nodes for environment Dev">
                <results />
              </test-suite>
              <test-suite type="TestFixture" name="Nodes for environment Prod" executed="True" result="Success" success="True" time="0.0455" asserts="0" description="Nodes for environment Prod">
                <results />
              </test-suite>
              <test-suite type="TestFixture" name="Nodes for environment Test" executed="True" result="Success" success="True" time="0.4588" asserts="0" description="Nodes for environment Test">
                <results>
                  <test-case description="v26267ncec202 has a valid Configurations Setting (!$null)" name="Role Composition.Nodes for environment Test.v26267ncec202 has a valid Configurations Setting (!$null)" time="0.4014" asserts="0" success="True" result="Success" executed="True" />
                </results>
              </test-suite>
            </results>
          </test-suite>
        </results>
      </test-suite>
    </results>
  </test-suite>
</test-results>